Multiplayer Racing/Library/Bee/Android/Prj/Mono2x/Gradle/unityLibrary/build/intermediates/manifest_merge_blame_file/debug/manifest-merger-blame-debug-report.txt
1<?xml version="1.0" encoding="utf-8"?>
2<manifest xmlns:android="http://schemas.android.com/apk/res/android"
3    xmlns:tools="http://schemas.android.com/tools"
4    package="com.unity3d.player"
5    android:versionCode="1"
6    android:versionName="1.0" >
7
8    <uses-sdk android:minSdkVersion="23" />
8-->src\main\AndroidManifest.xml
9
10    <uses-permission android:name="android.permission.INTERNET" />
10-->src\main\AndroidManifest.xml:3:3-65
10-->src\main\AndroidManifest.xml:3:20-62
11    <uses-permission android:name="android.permission.ACCESS_NETWORK_STATE" />
11-->src\main\AndroidManifest.xml:4:3-77
11-->src\main\AndroidManifest.xml:4:20-74
12
13    <uses-feature android:glEsVersion="0x00030000" />
13-->src\main\AndroidManifest.xml:5:3-52
13-->src\main\AndroidManifest.xml:5:17-49
14    <uses-feature
14-->src\main\AndroidManifest.xml:6:3-91
15        android:name="android.hardware.vulkan.version"
15-->src\main\AndroidManifest.xml:6:17-63
16        android:required="false" />
16-->src\main\AndroidManifest.xml:6:64-88
17    <uses-feature
17-->src\main\AndroidManifest.xml:7:3-88
18        android:name="android.hardware.touchscreen"
18-->src\main\AndroidManifest.xml:7:17-60
19        android:required="false" />
19-->src\main\AndroidManifest.xml:7:61-85
20    <uses-feature
20-->src\main\AndroidManifest.xml:8:3-99
21        android:name="android.hardware.touchscreen.multitouch"
21-->src\main\AndroidManifest.xml:8:17-71
22        android:required="false" />
22-->src\main\AndroidManifest.xml:8:72-96
23    <uses-feature
23-->src\main\AndroidManifest.xml:9:3-108
24        android:name="android.hardware.touchscreen.multitouch.distinct"
24-->src\main\AndroidManifest.xml:9:17-80
25        android:required="false" />
25-->src\main\AndroidManifest.xml:9:81-105
26
27    <application
27-->src\main\AndroidManifest.xml:10:3-26:17
28        android:extractNativeLibs="true"
28-->src\main\AndroidManifest.xml:10:81-113
29        android:icon="@mipmap/app_icon"
29-->src\main\AndroidManifest.xml:10:49-80
30        android:label="@string/app_name" >
30-->src\main\AndroidManifest.xml:10:16-48
31        <service
31-->src\main\AndroidManifest.xml:11:5-167
32            android:name="com.google.firebase.messaging.MessageForwardingService"
32-->src\main\AndroidManifest.xml:11:14-83
33            android:exported="true"
33-->src\main\AndroidManifest.xml:11:141-164
34            android:permission="android.permission.BIND_JOB_SERVICE" />
34-->src\main\AndroidManifest.xml:11:84-140
35
36        <meta-data
36-->src\main\AndroidManifest.xml:12:5-69
37            android:name="unity.splash-mode"
37-->src\main\AndroidManifest.xml:12:16-48
38            android:value="0" />
38-->src\main\AndroidManifest.xml:12:49-66
39        <meta-data
39-->src\main\AndroidManifest.xml:13:5-74
40            android:name="unity.splash-enable"
40-->src\main\AndroidManifest.xml:13:16-50
41            android:value="True" />
41-->src\main\AndroidManifest.xml:13:51-71
42        <meta-data
42-->src\main\AndroidManifest.xml:14:5-78
43            android:name="unity.launch-fullscreen"
43-->src\main\AndroidManifest.xml:14:16-54
44            android:value="True" />
44-->src\main\AndroidManifest.xml:14:55-75
45        <meta-data
45-->src\main\AndroidManifest.xml:15:5-84
46            android:name="unity.render-outside-safearea"
46-->src\main\AndroidManifest.xml:15:16-60
47            android:value="True" />
47-->src\main\AndroidManifest.xml:15:61-81
48        <meta-data
48-->src\main\AndroidManifest.xml:16:5-81
49            android:name="notch.config"
49-->src\main\AndroidManifest.xml:16:16-43
50            android:value="portrait|landscape" />
50-->src\main\AndroidManifest.xml:16:44-78
51        <meta-data
51-->src\main\AndroidManifest.xml:17:5-84
52            android:name="unity.auto-report-fully-drawn"
52-->src\main\AndroidManifest.xml:17:16-60
53            android:value="true" />
53-->src\main\AndroidManifest.xml:17:61-81
54
55        <activity
55-->src\main\AndroidManifest.xml:18:5-25:16
56            android:name="com.google.firebase.MessagingUnityPlayerActivity"
56-->src\main\AndroidManifest.xml:18:15-78
57            android:configChanges="mcc|mnc|locale|touchscreen|keyboard|keyboardHidden|navigation|orientation|screenLayout|uiMode|screenSize|smallestScreenSize|fontScale|layoutDirection|density"
57-->src\main\AndroidManifest.xml:18:121-302
58            android:exported="true"
58-->src\main\AndroidManifest.xml:18:443-466
59            android:hardwareAccelerated="false"
59-->src\main\AndroidManifest.xml:18:407-442
60            android:launchMode="singleTask"
60-->src\main\AndroidManifest.xml:18:340-371
61            android:resizeableActivity="false"
61-->src\main\AndroidManifest.xml:18:372-406
62            android:screenOrientation="fullUser"
62-->src\main\AndroidManifest.xml:18:303-339
63            android:theme="@style/UnityThemeSelector" >
63-->src\main\AndroidManifest.xml:18:79-120
64            <intent-filter>
64-->src\main\AndroidManifest.xml:19:7-22:23
65                <category android:name="android.intent.category.LAUNCHER" />
65-->src\main\AndroidManifest.xml:20:9-69
65-->src\main\AndroidManifest.xml:20:19-66
66
67                <action android:name="android.intent.action.MAIN" />
67-->src\main\AndroidManifest.xml:21:9-61
67-->src\main\AndroidManifest.xml:21:17-58
68            </intent-filter>
69
70            <meta-data
70-->src\main\AndroidManifest.xml:23:7-82
71                android:name="unityplayer.UnityActivity"
71-->src\main\AndroidManifest.xml:23:18-58
72                android:value="true" />
72-->src\main\AndroidManifest.xml:23:59-79
73            <meta-data
73-->src\main\AndroidManifest.xml:24:7-70
74                android:name="notch_support"
74-->src\main\AndroidManifest.xml:24:18-46
75                android:value="true" />
75-->src\main\AndroidManifest.xml:24:47-67
76        </activity>
77    </application>
78
79</manifest>